<?xml version="1.0" encoding="UTF-8"?>
<!-- Generated by org.testng.reporters.JUnitReportReporter -->
<testsuite skipped="0" hostname="DESKTOP-CKG50S0" name="testNGFramework.ZeroPersonalBanking" tests="4" failures="0" timestamp="17 Jul 2020 14:02:02 GMT" time="16.372" errors="0">
  <testcase name="browserinitiation" time="8.866" classname="testNGFramework.ZeroPersonalBanking"/>
  <testcase name="sigin" time="4.854" classname="testNGFramework.ZeroPersonalBanking"/>
  <testcase name="Brokerage" time="1.684" classname="testNGFramework.ZeroPersonalBanking"/>
  <testcase name="Signout" time="0.968" classname="testNGFramework.ZeroPersonalBanking"/>
</testsuite> <!-- testNGFramework.ZeroPersonalBanking -->
