<?xml version="1.0" encoding="UTF-8"?>
<!-- Generated by org.testng.reporters.JUnitReportReporter -->
<testsuite skipped="0" hostname="DESKTOP-CKG50S0" name="testNGFramework.NewOrangeHRM" tests="3" failures="0" timestamp="01 Aug 2020 07:56:54 GMT" time="70.735" errors="0">
  <testcase name="b_Addemployee" time="37.455" classname="testNGFramework.NewOrangeHRM"/>
  <testcase name="c_personalinfo" time="19.860" classname="testNGFramework.NewOrangeHRM"/>
  <testcase name="a_BrowserOpening" time="13.420" classname="testNGFramework.NewOrangeHRM"/>
</testsuite> <!-- testNGFramework.NewOrangeHRM -->
