<?xml version="1.0" encoding="UTF-8"?>
<!-- Generated by org.testng.reporters.JUnitReportReporter -->
<testsuite skipped="0" hostname="DESKTOP-CKG50S0" name="testNGFramework.ImplicitWait" tests="2" failures="0" timestamp="23 Jul 2020 04:28:03 GMT" time="9.906" errors="0">
  <testcase name="pageopening" time="7.065" classname="testNGFramework.ImplicitWait"/>
  <testcase name="search" time="2.841" classname="testNGFramework.ImplicitWait"/>
</testsuite> <!-- testNGFramework.ImplicitWait -->
