<?xml version="1.0" encoding="UTF-8"?>
<!-- Generated by org.testng.reporters.JUnitReportReporter -->
<testsuite skipped="0" hostname="DESKTOP-CKG50S0" name="testNGFramework.SpiceJetDemo" tests="6" failures="0" timestamp="04 Aug 2020 15:13:14 GMT" time="44.996" errors="0">
  <testcase name="f_currency" time="5.140" classname="testNGFramework.SpiceJetDemo"/>
  <testcase name="a_browser_opening" time="20.124" classname="testNGFramework.SpiceJetDemo"/>
  <testcase name="b_from" time="5.430" classname="testNGFramework.SpiceJetDemo"/>
  <testcase name="d_departuredate" time="5.513" classname="testNGFramework.SpiceJetDemo"/>
  <testcase name="e_passenger" time="3.509" classname="testNGFramework.SpiceJetDemo"/>
  <testcase name="c_destination" time="5.280" classname="testNGFramework.SpiceJetDemo"/>
</testsuite> <!-- testNGFramework.SpiceJetDemo -->
