<?xml version="1.0" encoding="UTF-8"?>
<!-- Generated by org.testng.reporters.JUnitReportReporter -->
<testsuite skipped="0" hostname="DESKTOP-CKG50S0" name="testNGFramework.NewWindowDemo" tests="3" failures="0" timestamp="30 Jul 2020 09:32:46 GMT" time="28.658" errors="0">
  <testcase name="b_new_browser_window" time="0.134" classname="testNGFramework.NewWindowDemo"/>
  <testcase name="a_browseropening" time="28.497" classname="testNGFramework.NewWindowDemo"/>
  <testcase name="c_moveto_newwindow" time="0.027" classname="testNGFramework.NewWindowDemo"/>
</testsuite> <!-- testNGFramework.NewWindowDemo -->
