<?xml version="1.0" encoding="UTF-8"?>
<!-- Generated by org.testng.reporters.JUnitReportReporter -->
<testsuite skipped="0" hostname="DESKTOP-CKG50S0" name="testNGFramework.HRM" tests="2" failures="0" timestamp="31 Jul 2020 08:34:42 GMT" time="41.687" errors="0">
  <testcase name="b_addemployee" time="26.487" classname="testNGFramework.HRM"/>
  <testcase name="a_browseropening" time="15.200" classname="testNGFramework.HRM"/>
</testsuite> <!-- testNGFramework.HRM -->
