<?xml version="1.0" encoding="UTF-8"?>
<!-- Generated by org.testng.reporters.JUnitReportReporter -->
<testsuite skipped="0" hostname="DESKTOP-CKG50S0" name="testNGFramework.AssertionDemo" tests="7" failures="0" timestamp="03 Aug 2020 04:27:04 GMT" time="8.853" errors="0">
  <testcase name="d_asserttrue" time="0.085" classname="testNGFramework.AssertionDemo"/>
  <testcase name="f_assertnotnull" time="0.043" classname="testNGFramework.AssertionDemo"/>
  <testcase name="b_assertequals" time="0.065" classname="testNGFramework.AssertionDemo"/>
  <testcase name="a_pageload" time="8.597" classname="testNGFramework.AssertionDemo"/>
  <testcase name="g_assertnull" time="0.001" classname="testNGFramework.AssertionDemo"/>
  <testcase name="c_assertnotequals" time="0.030" classname="testNGFramework.AssertionDemo"/>
  <testcase name="e_assertfalse" time="0.032" classname="testNGFramework.AssertionDemo"/>
</testsuite> <!-- testNGFramework.AssertionDemo -->
