<?xml version="1.0" encoding="UTF-8"?>
<!-- Generated by org.testng.reporters.JUnitReportReporter -->
<testsuite skipped="0" hostname="DESKTOP-CKG50S0" name="testNGFramework.HandlingWindows" tests="2" failures="0" timestamp="30 Jul 2020 04:03:12 GMT" time="13.547" errors="0">
  <testcase name="a_pageload" time="9.229" classname="testNGFramework.HandlingWindows"/>
  <testcase name="b_handlingwindows" time="4.318" classname="testNGFramework.HandlingWindows"/>
</testsuite> <!-- testNGFramework.HandlingWindows -->
