<?xml version="1.0" encoding="UTF-8"?>
<!-- Generated by org.testng.reporters.JUnitReportReporter -->
<testsuite skipped="0" hostname="DESKTOP-CKG50S0" name="testNGFramework.BankDemo" tests="8" failures="0" timestamp="23 Jul 2020 04:10:59 GMT" time="64.823" errors="0">
  <testcase name="browseropen" time="8.397" classname="testNGFramework.BankDemo"/>
  <testcase name="signup" time="6.263" classname="testNGFramework.BankDemo"/>
  <testcase name="address" time="8.754" classname="testNGFramework.BankDemo"/>
  <testcase name="signin" time="5.764" classname="testNGFramework.BankDemo"/>
  <testcase name="newchecking" time="6.664" classname="testNGFramework.BankDemo"/>
  <testcase name="acountcreation" time="4.935" classname="testNGFramework.BankDemo"/>
  <testcase name="deposit" time="12.113" classname="testNGFramework.BankDemo"/>
  <testcase name="withdraw" time="11.933" classname="testNGFramework.BankDemo"/>
</testsuite> <!-- testNGFramework.BankDemo -->
