<?xml version="1.0" encoding="UTF-8"?>
<!-- Generated by org.testng.reporters.JUnitReportReporter -->
<testsuite skipped="0" hostname="DESKTOP-CKG50S0" name="testNGFramework.BankDemoOne" tests="8" failures="0" timestamp="24 Jul 2020 05:44:44 GMT" time="52.371" errors="0">
  <testcase name="h_transfer" time="9.043" classname="testNGFramework.BankDemoOne"/>
  <testcase name="d_AddressInfo" time="4.249" classname="testNGFramework.BankDemoOne"/>
  <testcase name="g_companyaccount" time="8.720" classname="testNGFramework.BankDemoOne"/>
  <testcase name="b_signup" time="2.947" classname="testNGFramework.BankDemoOne"/>
  <testcase name="c_personalinfo" time="4.328" classname="testNGFramework.BankDemoOne"/>
  <testcase name="a_browseropening" time="9.566" classname="testNGFramework.BankDemoOne"/>
  <testcase name="f_savingaccount" time="9.460" classname="testNGFramework.BankDemoOne"/>
  <testcase name="e_signin" time="4.058" classname="testNGFramework.BankDemoOne"/>
</testsuite> <!-- testNGFramework.BankDemoOne -->
