<?xml version="1.0" encoding="UTF-8"?>
<!-- Generated by org.testng.reporters.JUnitReportReporter -->
<testsuite skipped="0" hostname="DESKTOP-CKG50S0" name="testNGFramework.DemoBlaze" tests="5" failures="0" timestamp="21 Jul 2020 04:22:47 GMT" time="30.057" errors="0">
  <testcase name="Demoblaze" time="8.432" classname="testNGFramework.DemoBlaze"/>
  <testcase name="signup" time="7.491" classname="testNGFramework.DemoBlaze"/>
  <testcase name="login" time="5.389" classname="testNGFramework.DemoBlaze"/>
  <testcase name="itemselect" time="3.620" classname="testNGFramework.DemoBlaze"/>
  <testcase name="addtocart" time="5.125" classname="testNGFramework.DemoBlaze"/>
</testsuite> <!-- testNGFramework.DemoBlaze -->
