<?xml version="1.0" encoding="UTF-8"?>
<!-- Generated by org.testng.reporters.JUnitReportReporter -->
<testsuite skipped="1" hostname="DESKTOP-CKG50S0" name="testNGFramework.FlipkartSearch" tests="4" failures="0" timestamp="21 Jul 2020 04:11:53 GMT" time="9.209" errors="0">
  <testcase name="flipkart" time="8.462" classname="testNGFramework.FlipkartSearch"/>
  <testcase name="search" time="0.521" classname="testNGFramework.FlipkartSearch"/>
  <testcase name="loginlayer" time="0.226" classname="testNGFramework.FlipkartSearch"/>
  <testcase name="theresults" classname="testNGFramework.FlipkartSearch">
    <skipped/>
  </testcase> <!-- theresults -->
</testsuite> <!-- testNGFramework.FlipkartSearch -->
