<?xml version="1.0" encoding="UTF-8"?>
<!-- Generated by org.testng.reporters.JUnitReportReporter -->
<testsuite skipped="0" hostname="DESKTOP-CKG50S0" name="testNGFramework.BootstrapHRM" tests="3" failures="0" timestamp="31 Jul 2020 10:31:25 GMT" time="48.838" errors="0">
  <testcase name="b_login" time="4.196" classname="testNGFramework.BootstrapHRM"/>
  <testcase name="a_pageload" time="8.449" classname="testNGFramework.BootstrapHRM"/>
  <testcase name="c_addemployee" time="36.193" classname="testNGFramework.BootstrapHRM"/>
</testsuite> <!-- testNGFramework.BootstrapHRM -->
