<?xml version="1.0" encoding="UTF-8"?>
<!-- Generated by org.testng.reporters.JUnitReportReporter -->
<testsuite skipped="0" hostname="DESKTOP-CKG50S0" name="testNGFramework.CloseAndQuit" tests="1" failures="0" timestamp="30 Jul 2020 04:32:49 GMT" time="10.133" errors="0">
  <testcase name="a_pageload" time="10.133" classname="testNGFramework.CloseAndQuit"/>
</testsuite> <!-- testNGFramework.CloseAndQuit -->
