<?xml version="1.0" encoding="UTF-8"?>
<!-- Generated by org.testng.reporters.JUnitReportReporter -->
<testsuite skipped="0" hostname="DESKTOP-CKG50S0" name="testNGFramework.ShopClues" tests="7" failures="0" timestamp="01 Aug 2020 06:47:25 GMT" time="14.182" errors="0">
  <testcase name="c_dailyessentials" time="0.237" classname="testNGFramework.ShopClues"/>
  <testcase name="f_clickoil" time="2.866" classname="testNGFramework.ShopClues"/>
  <testcase name="a_browseropen" time="7.484" classname="testNGFramework.ShopClues"/>
  <testcase name="d_selectproduct" time="0.235" classname="testNGFramework.ShopClues"/>
  <testcase name="g_addtocart" time="0.165" classname="testNGFramework.ShopClues"/>
  <testcase name="b_close_popup" time="1.054" classname="testNGFramework.ShopClues"/>
  <testcase name="e_subproduct" time="2.141" classname="testNGFramework.ShopClues"/>
</testsuite> <!-- testNGFramework.ShopClues -->
