<?xml version="1.0" encoding="UTF-8"?>
<!-- Generated by org.testng.reporters.JUnitReportReporter -->
<testsuite skipped="0" hostname="DESKTOP-CKG50S0" name="testNGFramework.GroupingConcept" tests="2" failures="0" timestamp="23 Jul 2020 03:35:27 GMT" time="0.010" errors="0">
  <testcase name="f2" time="0.002" classname="testNGFramework.GroupingConcept"/>
  <testcase name="f1" time="0.008" classname="testNGFramework.GroupingConcept"/>
</testsuite> <!-- testNGFramework.GroupingConcept -->
