<?xml version="1.0" encoding="UTF-8"?>
<!-- Generated by org.testng.reporters.JUnitReportReporter -->
<testsuite skipped="0" hostname="DESKTOP-CKG50S0" name="testNGFramework.FlipkartNewTab" tests="5" failures="0" timestamp="31 Jul 2020 02:57:11 GMT" time="12.104" errors="0">
  <testcase name="b_closelogin" time="0.139" classname="testNGFramework.FlipkartNewTab"/>
  <testcase name="a_browseropening" time="7.626" classname="testNGFramework.FlipkartNewTab"/>
  <testcase name="e_addtocart" time="2.524" classname="testNGFramework.FlipkartNewTab"/>
  <testcase name="c_selectmen" time="0.274" classname="testNGFramework.FlipkartNewTab"/>
  <testcase name="d_casualshirts" time="1.541" classname="testNGFramework.FlipkartNewTab"/>
</testsuite> <!-- testNGFramework.FlipkartNewTab -->
