<?xml version="1.0" encoding="UTF-8"?>
<!-- Generated by org.testng.reporters.JUnitReportReporter -->
<testsuite skipped="0" hostname="DESKTOP-CKG50S0" name="testNGFramework.TakingScreenShots" tests="1" failures="0" timestamp="24 Jul 2020 04:21:08 GMT" time="20.577" errors="0">
  <testcase name="browseropening" time="20.577" classname="testNGFramework.TakingScreenShots"/>
</testsuite> <!-- testNGFramework.TakingScreenShots -->
