<?xml version="1.0" encoding="UTF-8"?>
<!-- Generated by org.testng.reporters.JUnitReportReporter -->
<testsuite skipped="0" hostname="DESKTOP-CKG50S0" name="testNGFramework.AP" tests="4" failures="0" timestamp="17 Jul 2020 11:09:07 GMT" time="24.684" errors="0">
  <testcase name="BrowserInitiation" time="12.959" classname="testNGFramework.AP"/>
  <testcase name="signin" time="2.921" classname="testNGFramework.AP"/>
  <testcase name="personalinfo" time="5.954" classname="testNGFramework.AP"/>
  <testcase name="addressinfo" time="2.850" classname="testNGFramework.AP"/>
</testsuite> <!-- testNGFramework.AP -->
