<?xml version="1.0" encoding="UTF-8"?>
<!-- Generated by org.testng.reporters.JUnitReportReporter -->
<testsuite skipped="0" hostname="DESKTOP-CKG50S0" name="testNGFramework.YourlogoTestNG" tests="4" failures="0" timestamp="17 Jul 2020 04:43:10 GMT" time="23.216" errors="0">
  <testcase name="BrowserOpen" time="12.415" classname="testNGFramework.YourlogoTestNG"/>
  <testcase name="SignIn" time="2.122" classname="testNGFramework.YourlogoTestNG"/>
  <testcase name="PersonalInfo" time="5.944" classname="testNGFramework.YourlogoTestNG"/>
  <testcase name="AddressInfo" time="2.735" classname="testNGFramework.YourlogoTestNG"/>
</testsuite> <!-- testNGFramework.YourlogoTestNG -->
